<?xml version="1.0" encoding="UTF-8"?>
<!-- Generated by org.testng.reporters.JUnitReportReporter -->
<testsuite hostname="Macbook-MacBook-Pro.local" failures="0" tests="3" name="com.rest.runner.TestRunner.APITestRunner" time="0.767" errors="3" timestamp="2021-10-27T22:00:37 TRT" skipped="0">
  <testcase classname="com.rest.runner.TestRunner.APITestRunner" name="runScenario" time="0.689">
    <error message="Could not initialize class org.codehaus.groovy.reflection.ReflectionCache" type="java.lang.NoClassDefFoundError">
      <![CDATA[java.lang.NoClassDefFoundError: Could not initialize class org.codehaus.groovy.reflection.ReflectionCache
at org.codehaus.groovy.runtime.dgmimpl.NumberNumberMetaMethod.<clinit>(NumberNumberMetaMethod.java:33)
at java.base/jdk.internal.reflect.NativeConstructorAccessorImpl.newInstance0(Native Method)
at java.base/jdk.internal.reflect.NativeConstructorAccessorImpl.newInstance(NativeConstructorAccessorImpl.java:78)
at java.base/jdk.internal.reflect.DelegatingConstructorAccessorImpl.newInstance(DelegatingConstructorAccessorImpl.java:45)
at java.base/java.lang.reflect.Constructor.newInstanceWithCaller(Constructor.java:499)
at java.base/java.lang.reflect.Constructor.newInstance(Constructor.java:480)
at org.codehaus.groovy.runtime.metaclass.MetaClassRegistryImpl.createMetaMethodFromClass(MetaClassRegistryImpl.java:258)
at org.codehaus.groovy.runtime.metaclass.MetaClassRegistryImpl.<init>(MetaClassRegistryImpl.java:111)
at org.codehaus.groovy.runtime.metaclass.MetaClassRegistryImpl.<init>(MetaClassRegistryImpl.java:86)
at groovy.lang.GroovySystem.<clinit>(GroovySystem.java:36)
at org.codehaus.groovy.runtime.InvokerHelper.<clinit>(InvokerHelper.java:86)
at org.codehaus.groovy.runtime.ScriptBytecodeAdapter.createMap(ScriptBytecodeAdapter.java:635)
at io.restassured.internal.ResponseParserRegistrar.<init>(ResponseParserRegistrar.groovy)
at io.restassured.RestAssured.<clinit>(RestAssured.java:346)
at com.rest.runner.Utilities.RestProcessor.processRestCall(RestProcessor.java:34)
at com.rest.runner.StepDefinitions.API.BaseHook.makeARestCallWithMethod(BaseHook.java:41)
at ✽.Make a Rest Call to "/api/login" with "POST" method(file:///Users/macbookpro/Desktop/RestAssured-master/src/test/resources/features/API/APITestSamples.feature:8)
]]>
    </error>
  </testcase> <!-- runScenario -->
  <system-out/>
  <testcase classname="com.rest.runner.TestRunner.APITestRunner" name="runScenario" time="0.020">
    <error message="Could not initialize class io.restassured.RestAssured" type="java.lang.NoClassDefFoundError">
      <![CDATA[java.lang.NoClassDefFoundError: Could not initialize class io.restassured.RestAssured
at com.rest.runner.Utilities.RestProcessor.processRestCall(RestProcessor.java:34)
at com.rest.runner.StepDefinitions.API.BaseHook.makeARestCallWithMethod(BaseHook.java:41)
at ✽.Make a Rest Call to "/api/users?delay=3" with "GET" method(file:///Users/macbookpro/Desktop/RestAssured-master/src/test/resources/features/API/APITestSamples.feature:27)
]]>
    </error>
  </testcase> <!-- runScenario -->
  <system-out/>
  <testcase classname="com.rest.runner.TestRunner.APITestRunner" name="runScenario" time="0.058">
    <error message="Could not initialize class io.restassured.RestAssured" type="java.lang.NoClassDefFoundError">
      <![CDATA[java.lang.NoClassDefFoundError: Could not initialize class io.restassured.RestAssured
at com.rest.runner.Utilities.RestProcessor.processRestCall(RestProcessor.java:34)
at com.rest.runner.StepDefinitions.API.BaseHook.makeARestCallWithMethod(BaseHook.java:41)
at ✽.Make a Rest Call to "/api/users/2" with "GET" method(file:///Users/macbookpro/Desktop/RestAssured-master/src/test/resources/features/API/APITestSamples.feature:14)
]]>
    </error>
  </testcase> <!-- runScenario -->
  <system-out/>
</testsuite> <!-- com.rest.runner.TestRunner.APITestRunner -->
